[debug] [2025-12-11T21:14:48.154Z] ----------------------------------------------------------------------
[debug] [2025-12-11T21:14:48.163Z] Command:       C:\Program Files\nodejs\node.exe C:\Users\kabue\AppData\Roaming\npm\node_modules\firebase-tools\lib\bin\firebase.js init hosting
[debug] [2025-12-11T21:14:48.164Z] CLI Version:   15.0.0
[debug] [2025-12-11T21:14:48.165Z] Platform:      win32
[debug] [2025-12-11T21:14:48.166Z] Node Version:  v20.19.6
[debug] [2025-12-11T21:14:48.166Z] Time:          Thu Dec 11 2025 16:14:48 GMT-0500 (Eastern Standard Time)
[debug] [2025-12-11T21:14:48.166Z] ----------------------------------------------------------------------
[debug] 
[info] 
     ######## #### ########  ######## ########     ###     ######  ########
     ##        ##  ##     ## ##       ##     ##  ##   ##  ##       ##
     ######    ##  ########  ######   ########  #########  ######  ######
     ##        ##  ##    ##  ##       ##     ## ##     ##       ## ##
     ##       #### ##     ## ######## ########  ##     ##  ######  ########

You're about to initialize a Firebase project in this directory:

  C:\pamoja

Before we get started, keep in mind:

  * You are currently outside your home directory

[info] 
=== Project Setup
[info] 
[info] First, let's associate this project directory with a Firebase project.
[info] You can create multiple project aliases by running firebase use --add, 
[info] 
[debug] [2025-12-11T21:15:07.580Z] > command requires scopes: ["email","openid","https://www.googleapis.com/auth/cloudplatformprojects.readonly","https://www.googleapis.com/auth/firebase","https://www.googleapis.com/auth/cloud-platform"]
[debug] [2025-12-11T21:15:07.582Z] > authorizing via signed-in user (kabuec@gmail.com)
[debug] [2025-12-11T21:15:07.587Z] Checked if tokens are valid: false, expires at: 1765488159142
[debug] [2025-12-11T21:15:07.588Z] Checked if tokens are valid: false, expires at: 1765488159142
[debug] [2025-12-11T21:15:07.590Z] > refreshing access token with scopes: []
[debug] [2025-12-11T21:15:07.597Z] >>> [apiv2][query] POST https://www.googleapis.com/oauth2/v3/token [none]
[debug] [2025-12-11T21:15:07.598Z] >>> [apiv2][body] POST https://www.googleapis.com/oauth2/v3/token [omitted]
[debug] [2025-12-11T21:15:07.981Z] <<< [apiv2][status] POST https://www.googleapis.com/oauth2/v3/token 200
[debug] [2025-12-11T21:15:07.982Z] <<< [apiv2][body] POST https://www.googleapis.com/oauth2/v3/token [omitted]
[debug] [2025-12-11T21:15:08.088Z] >>> [apiv2][query] GET https://firebase.googleapis.com/v1beta1/projects pageSize=100
[debug] [2025-12-11T21:15:08.577Z] <<< [apiv2][status] GET https://firebase.googleapis.com/v1beta1/projects 200
[debug] [2025-12-11T21:15:08.578Z] <<< [apiv2][body] GET https://firebase.googleapis.com/v1beta1/projects [omitted]
[info] 
=== Hosting Setup
[debug] [2025-12-11T21:15:15.805Z] Checked if tokens are valid: true, expires at: 1765491306982
[debug] [2025-12-11T21:15:15.805Z] Checked if tokens are valid: true, expires at: 1765491306982
[debug] [2025-12-11T21:15:15.806Z] >>> [apiv2][query] GET https://firebase.googleapis.com/v1beta1/projects/studio-2676345768-8f276 [none]
[debug] [2025-12-11T21:15:16.141Z] <<< [apiv2][status] GET https://firebase.googleapis.com/v1beta1/projects/studio-2676345768-8f276 200
[debug] [2025-12-11T21:15:16.142Z] <<< [apiv2][body] GET https://firebase.googleapis.com/v1beta1/projects/studio-2676345768-8f276 {"projectId":"studio-2676345768-8f276","projectNumber":"855260175212","displayName":"pamoja","name":"projects/studio-2676345768-8f276","resources":{"hostingSite":"studio-2676345768-8f276"},"state":"ACTIVE","etag":"1_c3663bf4-8d44-4375-a6a0-e0684b85975d"}
[info] 
[info] Your public directory is the folder (relative to your project directory) that
[info] will contain Hosting assets to be uploaded with firebase deploy. If you
[info] have a build process for your assets, use your build's output directory.
[info] 
